<?xml version="1.0" encoding="UTF-8"?>
<!-- Generated by org.testng.reporters.JUnitXMLReporter -->
<testsuite ignored="0" hostname="pelatro-Latitude-3440" failures="1" tests="3" name="Error Message Validates Test" time="5.407" errors="0" timestamp="2025-01-08T22:11:41 IST">
  <testcase classname="Aishwarya.Tests.ErrorMessageValidations" name="loginErrorMessage" time="0.272">
    <skipped/>
  </testcase> <!-- loginErrorMessage -->
  <testcase classname="Aishwarya.Tests.ErrorMessageValidations" name="loginErrorMessage" time="0.771">
    <failure type="java.lang.AssertionError" message="expected:&amp;lt;Incorrect email or password&amp;gt; but was:&amp;lt;Incorrect email or password.&amp;gt;">
      <![CDATA[java.lang.AssertionError: expected:<Incorrect email or password> but was:<Incorrect email or password.>
at Aishwarya.Tests.ErrorMessageValidations.loginErrorMessage(ErrorMessageValidations.java:19)
at java.base/java.util.ArrayList.forEach(ArrayList.java:1596)
... Removed 31 stack frames]]>
    </failure>
  </testcase> <!-- loginErrorMessage -->
  <testcase classname="Aishwarya.Tests.ErrorMessageValidations" name="successMessage" time="0.371"/>
</testsuite> <!-- Error Message Validates Test -->
