<?xml version="1.0" encoding="UTF-8"?>
<!-- Generated by org.testng.reporters.JUnitXMLReporter -->
<testsuite ignored="0" hostname="pelatro-Latitude-3440" failures="0" tests="3" name="Submit order Test" time="36.31" errors="0" timestamp="2025-01-08T22:11:35 IST">
  <testcase classname="Aishwarya.Tests.StandaloneTest2" name="submitOrder" time="14.15"/>
  <testcase classname="Aishwarya.Tests.StandaloneTest2" name="submitOrder" time="13.975"/>
  <testcase classname="Aishwarya.Tests.StandaloneTest2" name="verifyItemsinMyOrdersPage" time="0.543"/>
</testsuite> <!-- Submit order Test -->
