<?xml version="1.0" encoding="UTF-8"?>
<testng-results total="1" passed="1" failed="0" skipped="0">
  <reporter-output>
  </reporter-output>
  <suite started-at="2025-01-04T18:01:30Z" name="Default suite" finished-at="2025-01-04T18:01:32Z" duration-ms="2138">
    <groups>
    </groups>
    <test started-at="2025-01-04T18:01:30Z" name="Default test" finished-at="2025-01-04T18:01:32Z" duration-ms="2138">
      <class name="ExtentReports.reports.StandaloneTest">
        <test-method is-config="true" signature="config()[pri:0, instance:ExtentReports.reports.StandaloneTest@771a660]" started-at="2025-01-04T23:31:30Z" name="config" finished-at="2025-01-04T23:31:30Z" duration-ms="109" status="PASS">
          <reporter-output>
          </reporter-output>
        </test-method> <!-- config -->
        <test-method signature="sampleTest()[pri:0, instance:ExtentReports.reports.StandaloneTest@771a660]" started-at="2025-01-04T23:31:30Z" name="sampleTest" finished-at="2025-01-04T23:31:32Z" duration-ms="2023" status="PASS">
          <reporter-output>
          </reporter-output>
        </test-method> <!-- sampleTest -->
      </class> <!-- ExtentReports.reports.StandaloneTest -->
    </test> <!-- Default test -->
  </suite> <!-- Default suite -->
</testng-results>
