<?xml version="1.0" encoding="UTF-8"?>
<!-- Generated by org.testng.reporters.JUnitXMLReporter -->
<testsuite ignored="0" hostname="pelatro-Latitude-3440" failures="0" tests="8" name="Default test" time="0.054" errors="0" timestamp="2024-12-21T16:05:17 IST">
  <testcase classname="StreamsExample" name="Test5" time="0.007"/>
  <testcase classname="StreamsExample" name="Test6" time="0.001"/>
  <testcase classname="StreamsExample" name="Test7" time="0.008"/>
  <testcase classname="StreamsExample" name="Test8" time="0.002"/>
  <testcase classname="StreamsExample" name="test1" time="0.001"/>
  <testcase classname="StreamsExample" name="test2" time="0.001"/>
  <testcase classname="StreamsExample" name="test3" time="0.001"/>
  <testcase classname="StreamsExample" name="test4" time="0.002"/>
</testsuite> <!-- Default test -->
