<?xml version="1.0" encoding="UTF-8"?>
<!-- Generated by org.testng.reporters.JUnitXMLReporter -->
<testsuite ignored="2" hostname="pelatro-Latitude-3440" failures="0" tests="0" time="0.006" errors="0" timestamp="2025-01-06T22:08:21 IST">
  <testcase classname="Aishwarya.Tests.ErrorMessageValidations" name="successMessage" time="0.0">
    <ignored/>
  </testcase> <!-- successMessage -->
  <testcase classname="Aishwarya.Tests.ErrorMessageValidations" name="loginErrorMessage" time="0.0">
    <ignored/>
  </testcase> <!-- loginErrorMessage -->
</testsuite>
