<?xml version="1.0" encoding="UTF-8"?>
<!-- Generated by org.testng.reporters.JUnitXMLReporter -->
<testsuite ignored="1" hostname="pelatro-Latitude-3440" failures="0" tests="2" name="Submit order Test" time="33.671" errors="0" timestamp="2025-01-06T22:08:55 IST">
  <testcase classname="Aishwarya.Tests.StandaloneTest2" name="submitOrder" time="14.037"/>
  <testcase classname="Aishwarya.Tests.StandaloneTest2" name="submitOrder" time="14.037"/>
  <testcase classname="Aishwarya.Tests.StandaloneTest2" name="verifyItemsinMyOrdersPage" time="0.0">
    <ignored/>
  </testcase> <!-- verifyItemsinMyOrdersPage -->
</testsuite> <!-- Submit order Test -->
