<?xml version="1.0" encoding="UTF-8"?>
<testng-results ignored="0" total="8" passed="8" failed="0" skipped="0">
  <reporter-output>
  </reporter-output>
  <suite started-at="2024-12-21T16:05:17 IST" name="Default suite" finished-at="2024-12-21T16:05:17 IST" duration-ms="54">
    <groups>
    </groups>
    <test started-at="2024-12-21T16:05:17 IST" name="Default test" finished-at="2024-12-21T16:05:17 IST" duration-ms="54">
      <class name="StreamsExample">
        <test-method signature="Test5()[pri:0, instance:StreamsExample@576d5deb]" started-at="2024-12-21T16:05:17 IST" name="Test5" finished-at="2024-12-21T16:05:17 IST" duration-ms="7" status="PASS">
          <reporter-output>
          </reporter-output>
        </test-method> <!-- Test5 -->
        <test-method signature="Test6()[pri:0, instance:StreamsExample@576d5deb]" started-at="2024-12-21T16:05:17 IST" name="Test6" finished-at="2024-12-21T16:05:17 IST" duration-ms="1" status="PASS">
          <reporter-output>
          </reporter-output>
        </test-method> <!-- Test6 -->
        <test-method signature="Test7()[pri:0, instance:StreamsExample@576d5deb]" started-at="2024-12-21T16:05:17 IST" name="Test7" finished-at="2024-12-21T16:05:17 IST" duration-ms="8" status="PASS">
          <reporter-output>
          </reporter-output>
        </test-method> <!-- Test7 -->
        <test-method signature="Test8()[pri:0, instance:StreamsExample@576d5deb]" started-at="2024-12-21T16:05:17 IST" name="Test8" finished-at="2024-12-21T16:05:17 IST" duration-ms="2" status="PASS">
          <reporter-output>
          </reporter-output>
        </test-method> <!-- Test8 -->
        <test-method signature="test1()[pri:0, instance:StreamsExample@576d5deb]" started-at="2024-12-21T16:05:17 IST" name="test1" finished-at="2024-12-21T16:05:17 IST" duration-ms="1" status="PASS">
          <reporter-output>
          </reporter-output>
        </test-method> <!-- test1 -->
        <test-method signature="test2()[pri:0, instance:StreamsExample@576d5deb]" started-at="2024-12-21T16:05:17 IST" name="test2" finished-at="2024-12-21T16:05:17 IST" duration-ms="1" status="PASS">
          <reporter-output>
          </reporter-output>
        </test-method> <!-- test2 -->
        <test-method signature="test3()[pri:0, instance:StreamsExample@576d5deb]" started-at="2024-12-21T16:05:17 IST" name="test3" finished-at="2024-12-21T16:05:17 IST" duration-ms="1" status="PASS">
          <reporter-output>
          </reporter-output>
        </test-method> <!-- test3 -->
        <test-method signature="test4()[pri:0, instance:StreamsExample@576d5deb]" started-at="2024-12-21T16:05:17 IST" name="test4" finished-at="2024-12-21T16:05:17 IST" duration-ms="2" status="PASS">
          <reporter-output>
          </reporter-output>
        </test-method> <!-- test4 -->
      </class> <!-- StreamsExample -->
    </test> <!-- Default test -->
  </suite> <!-- Default suite -->
</testng-results>
