<?xml version="1.0" encoding="UTF-8"?>
<testng-results ignored="0" total="1" passed="1" failed="0" skipped="0">
  <reporter-output>
  </reporter-output>
  <suite started-at="2025-01-09T23:45:45 IST" name="Surefire suite" finished-at="2025-01-09T23:46:24 IST" duration-ms="39680">
    <groups>
      <group name="cucumber">
        <method signature="AbstractTestNGCucumberTests.runScenario(io.cucumber.testng.PickleWrapper,io.cucumber.testng.FeatureWrapper)[pri:0, instance:cucumber.cucumberTestngRunner@19d37183]" name="runScenario" class="io.cucumber.testng.AbstractTestNGCucumberTests"/>
      </group> <!-- cucumber -->
    </groups>
    <test started-at="2025-01-09T23:45:45 IST" name="Surefire test" finished-at="2025-01-09T23:46:24 IST" duration-ms="39680">
      <class name="cucumber.cucumberTestngRunner">
        <test-method is-config="true" signature="setUpClass(org.testng.ITestContext)[pri:0, instance:cucumber.cucumberTestngRunner@19d37183]" started-at="2025-01-09T23:45:45 IST" name="setUpClass" finished-at="2025-01-09T23:45:45 IST" duration-ms="272" status="PASS">
          <params>
            <param index="0">
              <value>
                <![CDATA[org.testng.TestRunner@48cd9a2c]]>
              </value>
            </param>
          </params>
          <reporter-output>
          </reporter-output>
        </test-method> <!-- setUpClass -->
        <test-method signature="runScenario(io.cucumber.testng.PickleWrapper,io.cucumber.testng.FeatureWrapper)[pri:0, instance:cucumber.cucumberTestngRunner@19d37183]" started-at="2025-01-09T23:45:45 IST" name="runScenario" description="Runs Cucumber Scenarios" data-provider="scenarios" finished-at="2025-01-09T23:46:24 IST" duration-ms="39380" status="PASS">
          <params>
            <param index="0">
              <value>
                <![CDATA["Postive Case for purchase order"]]>
              </value>
            </param>
            <param index="1">
              <value>
                <![CDATA["Purchase an Item in Ecommerce website"]]>
              </value>
            </param>
          </params>
          <reporter-output>
          </reporter-output>
        </test-method> <!-- runScenario -->
        <test-method is-config="true" signature="tearDownClass()[pri:0, instance:cucumber.cucumberTestngRunner@19d37183]" started-at="2025-01-09T23:46:24 IST" name="tearDownClass" finished-at="2025-01-09T23:46:24 IST" duration-ms="11" status="PASS">
          <reporter-output>
          </reporter-output>
        </test-method> <!-- tearDownClass -->
      </class> <!-- cucumber.cucumberTestngRunner -->
    </test> <!-- Surefire test -->
  </suite> <!-- Surefire suite -->
</testng-results>
