<?xml version="1.0" encoding="UTF-8"?>
<!-- Generated by org.testng.reporters.JUnitXMLReporter -->
<testsuite ignored="0" hostname="pelatro-Latitude-3440" failures="0" tests="4" name="Test2" time="0.014" errors="0" timestamp="2024-12-25T01:51:09 IST">
  <testcase classname="Test.DemoTest3" name="Test1" time="0.001"/>
  <testcase classname="Test.DemoTest3" name="Test2" time="0.0"/>
  <testcase classname="Test.DemoTest4" name="Test1" time="0.001"/>
  <testcase classname="Test.DemoTest4" name="Test2" time="0.001"/>
</testsuite> <!-- Test2 -->
