<?xml version="1.0" encoding="UTF-8"?>
<!-- Generated by org.testng.reporters.JUnitXMLReporter -->
<testsuite ignored="3" hostname="pelatro-Latitude-3440" failures="0" tests="5" name="Test1" time="0.049" errors="0" timestamp="2024-12-25T01:51:09 IST">
  <testcase classname="Test.DemoTest" name="Demo3" time="0.008"/>
  <testcase classname="Test.DemoTest2" name="Test1" time="0.001"/>
  <testcase classname="Test.DemoTest2" name="Test2" time="0.001"/>
  <testcase classname="Test.DemoTest4" name="Test1" time="0.002"/>
  <testcase classname="Test.DemoTest4" name="Test2" time="0.001"/>
  <testcase classname="Test.DemoTest2" name="Test3" time="0.0">
    <ignored/>
  </testcase> <!-- Test3 -->
  <testcase classname="Test.DemoTest" name="Demo1" time="0.0">
    <ignored/>
  </testcase> <!-- Demo1 -->
  <testcase classname="Test.DemoTest" name="Demo2" time="0.0">
    <ignored/>
  </testcase> <!-- Demo2 -->
</testsuite> <!-- Test1 -->
