<?xml version="1.0" encoding="UTF-8"?>
<!-- Generated by org.testng.reporters.JUnitXMLReporter -->
<testsuite ignored="8" hostname="pelatro-Latitude-3440" failures="0" tests="4" name="Test" time="0.039" errors="0" timestamp="2024-12-26T23:34:09 IST">
  <testcase classname="Test.DemoTest" name="Demo2" time="0.006"/>
  <testcase classname="Test.DemoTest2" name="Test2" time="0.001"/>
  <testcase classname="Test.DemoTest3" name="Test2" time="0.001"/>
  <testcase classname="Test.DemoTest4" name="Test2" time="0.002"/>
  <testcase classname="Test.DemoTest" name="failurecasesoignoredruingrun" time="0.0">
    <ignored/>
  </testcase> <!-- failurecasesoignoredruingrun -->
  <testcase classname="Test.DemoTest" name="Demo3" time="0.0">
    <ignored/>
  </testcase> <!-- Demo3 -->
  <testcase classname="Test.DemoTest2" name="Test1" time="0.0">
    <ignored/>
  </testcase> <!-- Test1 -->
  <testcase classname="Test.DemoTest" name="timeoutcase" time="0.0">
    <ignored/>
  </testcase> <!-- timeoutcase -->
  <testcase classname="Test.DemoTest" name="Demo1" time="0.0">
    <ignored/>
  </testcase> <!-- Demo1 -->
  <testcase classname="Test.DemoTest2" name="Test3" time="0.0">
    <ignored/>
  </testcase> <!-- Test3 -->
  <testcase classname="Test.DemoTest3" name="Test1" time="0.0">
    <ignored/>
  </testcase> <!-- Test1 -->
  <testcase classname="Test.DemoTest4" name="Test1" time="0.0">
    <ignored/>
  </testcase> <!-- Test1 -->
</testsuite> <!-- Test -->
